{"D:\\Courses\\0-MyProjects\\Bosta Assesment\\Url_Monitoring_Server\\app.js": {"path":"D:\\Courses\\0-MyProjects\\Bosta Assesment\\Url_Monitoring_Server\\app.js","statementMap":{"0":{"start":{"line":1,"column":16},"end":{"line":1,"column":34}},"1":{"start":{"line":2,"column":19},"end":{"line":2,"column":36}},"2":{"start":{"line":3,"column":13},"end":{"line":3,"column":28}},"3":{"start":{"line":4,"column":15},"end":{"line":4,"column":32}},"4":{"start":{"line":6,"column":15},"end":{"line":6,"column":34}},"5":{"start":{"line":7,"column":12},"end":{"line":7,"column":21}},"6":{"start":{"line":9,"column":0},"end":{"line":9,"column":27}},"7":{"start":{"line":12,"column":0},"end":{"line":12,"column":16}},"8":{"start":{"line":13,"column":0},"end":{"line":13,"column":25}},"9":{"start":{"line":14,"column":0},"end":{"line":14,"column":41}},"10":{"start":{"line":15,"column":0},"end":{"line":15,"column":63}},"11":{"start":{"line":18,"column":0},"end":{"line":20,"column":1}},"12":{"start":{"line":19,"column":2},"end":{"line":19,"column":25}},"13":{"start":{"line":23,"column":0},"end":{"line":23,"column":16}},"14":{"start":{"line":25,"column":0},"end":{"line":25,"column":21}}},"fnMap":{},"branchMap":{"0":{"loc":{"start":{"line":18,"column":0},"end":{"line":20,"column":1}},"type":"if","locations":[{"start":{"line":18,"column":0},"end":{"line":20,"column":1}},{"start":{},"end":{}}],"line":18}},"s":{"0":1,"1":1,"2":1,"3":1,"4":1,"5":1,"6":1,"7":1,"8":1,"9":1,"10":1,"11":1,"12":0,"13":1,"14":1},"f":{},"b":{"0":[0,1]},"_coverageSchema":"1a1c01bbd47fc00a2c39e90264f33305004495a9","hash":"b2be984ad1ed0df508a8fa618842c46b78b5d10d"}
,"D:\\Courses\\0-MyProjects\\Bosta Assesment\\Url_Monitoring_Server\\routes.js": {"path":"D:\\Courses\\0-MyProjects\\Bosta Assesment\\Url_Monitoring_Server\\routes.js","statementMap":{"0":{"start":{"line":1,"column":16},"end":{"line":1,"column":34}},"1":{"start":{"line":2,"column":18},"end":{"line":2,"column":47}},"2":{"start":{"line":4,"column":21},"end":{"line":4,"column":61}},"3":{"start":{"line":5,"column":19},"end":{"line":5,"column":48}},"4":{"start":{"line":6,"column":20},"end":{"line":6,"column":50}},"5":{"start":{"line":7,"column":21},"end":{"line":7,"column":53}},"6":{"start":{"line":8,"column":17},"end":{"line":8,"column":44}},"7":{"start":{"line":10,"column":15},"end":{"line":10,"column":31}},"8":{"start":{"line":13,"column":16},"end":{"line":17,"column":2}},"9":{"start":{"line":19,"column":0},"end":{"line":19,"column":28}},"10":{"start":{"line":22,"column":0},"end":{"line":22,"column":36}},"11":{"start":{"line":25,"column":0},"end":{"line":25,"column":39}},"12":{"start":{"line":28,"column":0},"end":{"line":28,"column":41}},"13":{"start":{"line":31,"column":0},"end":{"line":33,"column":3}},"14":{"start":{"line":32,"column":2},"end":{"line":32,"column":74}},"15":{"start":{"line":35,"column":0},"end":{"line":35,"column":25}},"16":{"start":{"line":37,"column":0},"end":{"line":37,"column":24}}},"fnMap":{"0":{"name":"(anonymous_0)","decl":{"start":{"line":31,"column":16},"end":{"line":31,"column":17}},"loc":{"start":{"line":31,"column":36},"end":{"line":33,"column":1}},"line":31}},"branchMap":{},"s":{"0":1,"1":1,"2":1,"3":1,"4":1,"5":1,"6":1,"7":1,"8":1,"9":1,"10":1,"11":1,"12":1,"13":1,"14":0,"15":1,"16":1},"f":{"0":0},"b":{},"_coverageSchema":"1a1c01bbd47fc00a2c39e90264f33305004495a9","hash":"cbfe21e102e8da4a31044102eb6089d7b9f606b4"}
,"D:\\Courses\\0-MyProjects\\Bosta Assesment\\Url_Monitoring_Server\\controllers\\authController.js": {"path":"D:\\Courses\\0-MyProjects\\Bosta Assesment\\Url_Monitoring_Server\\controllers\\authController.js","statementMap":{"0":{"start":{"line":1,"column":12},"end":{"line":1,"column":35}},"1":{"start":{"line":3,"column":13},"end":{"line":3,"column":38}},"2":{"start":{"line":4,"column":17},"end":{"line":4,"column":45}},"3":{"start":{"line":6,"column":19},"end":{"line":6,"column":49}},"4":{"start":{"line":7,"column":20},"end":{"line":7,"column":48}},"5":{"start":{"line":8,"column":14},"end":{"line":8,"column":48}},"6":{"start":{"line":9,"column":32},"end":{"line":9,"column":75}},"7":{"start":{"line":11,"column":0},"end":{"line":27,"column":3}},"8":{"start":{"line":12,"column":36},"end":{"line":12,"column":44}},"9":{"start":{"line":14,"column":28},"end":{"line":14,"column":53}},"10":{"start":{"line":16,"column":15},"end":{"line":22,"column":4}},"11":{"start":{"line":24,"column":2},"end":{"line":24,"column":65}},"12":{"start":{"line":26,"column":2},"end":{"line":26,"column":60}},"13":{"start":{"line":29,"column":0},"end":{"line":44,"column":3}},"14":{"start":{"line":30,"column":30},"end":{"line":30,"column":38}},"15":{"start":{"line":32,"column":2},"end":{"line":33,"column":65}},"16":{"start":{"line":33,"column":4},"end":{"line":33,"column":65}},"17":{"start":{"line":35,"column":15},"end":{"line":35,"column":55}},"18":{"start":{"line":37,"column":2},"end":{"line":37,"column":76}},"19":{"start":{"line":37,"column":24},"end":{"line":37,"column":76}},"20":{"start":{"line":39,"column":16},"end":{"line":41,"column":4}},"21":{"start":{"line":43,"column":2},"end":{"line":43,"column":31}},"22":{"start":{"line":46,"column":0},"end":{"line":61,"column":3}},"23":{"start":{"line":47,"column":20},"end":{"line":47,"column":30}},"24":{"start":{"line":48,"column":15},"end":{"line":51,"column":4}},"25":{"start":{"line":53,"column":2},"end":{"line":53,"column":65}},"26":{"start":{"line":53,"column":13},"end":{"line":53,"column":65}},"27":{"start":{"line":55,"column":2},"end":{"line":55,"column":25}},"28":{"start":{"line":56,"column":2},"end":{"line":56,"column":42}},"29":{"start":{"line":57,"column":2},"end":{"line":57,"column":49}},"30":{"start":{"line":58,"column":2},"end":{"line":58,"column":20}},"31":{"start":{"line":60,"column":2},"end":{"line":60,"column":64}},"32":{"start":{"line":63,"column":0},"end":{"line":75,"column":3}},"33":{"start":{"line":64,"column":20},"end":{"line":64,"column":28}},"34":{"start":{"line":65,"column":15},"end":{"line":65,"column":63}},"35":{"start":{"line":66,"column":2},"end":{"line":66,"column":78}},"36":{"start":{"line":66,"column":13},"end":{"line":66,"column":78}},"37":{"start":{"line":68,"column":2},"end":{"line":68,"column":58}},"38":{"start":{"line":69,"column":2},"end":{"line":69,"column":67}},"39":{"start":{"line":70,"column":2},"end":{"line":70,"column":20}},"40":{"start":{"line":72,"column":2},"end":{"line":72,"column":75}},"41":{"start":{"line":74,"column":2},"end":{"line":74,"column":60}},"42":{"start":{"line":77,"column":0},"end":{"line":80,"column":3}},"43":{"start":{"line":78,"column":15},"end":{"line":78,"column":23}},"44":{"start":{"line":79,"column":2},"end":{"line":79,"column":30}},"45":{"start":{"line":82,"column":0},"end":{"line":88,"column":3}},"46":{"start":{"line":83,"column":22},"end":{"line":85,"column":4}},"47":{"start":{"line":87,"column":2},"end":{"line":87,"column":37}}},"fnMap":{"0":{"name":"(anonymous_0)","decl":{"start":{"line":11,"column":28},"end":{"line":11,"column":29}},"loc":{"start":{"line":11,"column":54},"end":{"line":27,"column":1}},"line":11},"1":{"name":"(anonymous_1)","decl":{"start":{"line":29,"column":27},"end":{"line":29,"column":28}},"loc":{"start":{"line":29,"column":53},"end":{"line":44,"column":1}},"line":29},"2":{"name":"(anonymous_2)","decl":{"start":{"line":46,"column":33},"end":{"line":46,"column":34}},"loc":{"start":{"line":46,"column":59},"end":{"line":61,"column":1}},"line":46},"3":{"name":"(anonymous_3)","decl":{"start":{"line":63,"column":45},"end":{"line":63,"column":46}},"loc":{"start":{"line":63,"column":71},"end":{"line":75,"column":1}},"line":63},"4":{"name":"(anonymous_4)","decl":{"start":{"line":77,"column":31},"end":{"line":77,"column":32}},"loc":{"start":{"line":77,"column":57},"end":{"line":80,"column":1}},"line":77},"5":{"name":"(anonymous_5)","decl":{"start":{"line":82,"column":35},"end":{"line":82,"column":36}},"loc":{"start":{"line":82,"column":61},"end":{"line":88,"column":1}},"line":82}},"branchMap":{"0":{"loc":{"start":{"line":32,"column":2},"end":{"line":33,"column":65}},"type":"if","locations":[{"start":{"line":32,"column":2},"end":{"line":33,"column":65}},{"start":{},"end":{}}],"line":32},"1":{"loc":{"start":{"line":32,"column":6},"end":{"line":32,"column":25}},"type":"binary-expr","locations":[{"start":{"line":32,"column":6},"end":{"line":32,"column":12}},{"start":{"line":32,"column":16},"end":{"line":32,"column":25}}],"line":32},"2":{"loc":{"start":{"line":37,"column":2},"end":{"line":37,"column":76}},"type":"if","locations":[{"start":{"line":37,"column":2},"end":{"line":37,"column":76}},{"start":{},"end":{}}],"line":37},"3":{"loc":{"start":{"line":53,"column":2},"end":{"line":53,"column":65}},"type":"if","locations":[{"start":{"line":53,"column":2},"end":{"line":53,"column":65}},{"start":{},"end":{}}],"line":53},"4":{"loc":{"start":{"line":66,"column":2},"end":{"line":66,"column":78}},"type":"if","locations":[{"start":{"line":66,"column":2},"end":{"line":66,"column":78}},{"start":{},"end":{}}],"line":66}},"s":{"0":1,"1":1,"2":1,"3":1,"4":1,"5":1,"6":1,"7":1,"8":0,"9":0,"10":0,"11":0,"12":0,"13":1,"14":0,"15":0,"16":0,"17":0,"18":0,"19":0,"20":0,"21":0,"22":1,"23":0,"24":0,"25":0,"26":0,"27":0,"28":0,"29":0,"30":0,"31":0,"32":1,"33":0,"34":0,"35":0,"36":0,"37":0,"38":0,"39":0,"40":0,"41":0,"42":1,"43":0,"44":0,"45":1,"46":0,"47":0},"f":{"0":0,"1":0,"2":0,"3":0,"4":0,"5":0},"b":{"0":[0,0],"1":[0,0],"2":[0,0],"3":[0,0],"4":[0,0]},"_coverageSchema":"1a1c01bbd47fc00a2c39e90264f33305004495a9","hash":"05aa556b97018195f7ae28d01862598debeac08d"}
,"D:\\Courses\\0-MyProjects\\Bosta Assesment\\Url_Monitoring_Server\\controllers\\checkController.js": {"path":"D:\\Courses\\0-MyProjects\\Bosta Assesment\\Url_Monitoring_Server\\controllers\\checkController.js","statementMap":{"0":{"start":{"line":1,"column":14},"end":{"line":1,"column":40}},"1":{"start":{"line":2,"column":19},"end":{"line":2,"column":46}},"2":{"start":{"line":3,"column":19},"end":{"line":3,"column":49}},"3":{"start":{"line":4,"column":36},"end":{"line":4,"column":64}},"4":{"start":{"line":5,"column":16},"end":{"line":5,"column":50}},"5":{"start":{"line":7,"column":0},"end":{"line":14,"column":3}},"6":{"start":{"line":8,"column":17},"end":{"line":8,"column":57}},"7":{"start":{"line":10,"column":2},"end":{"line":13,"column":5}},"8":{"start":{"line":16,"column":0},"end":{"line":19,"column":3}},"9":{"start":{"line":17,"column":16},"end":{"line":17,"column":72}},"10":{"start":{"line":18,"column":2},"end":{"line":18,"column":31}},"11":{"start":{"line":21,"column":0},"end":{"line":28,"column":3}},"12":{"start":{"line":22,"column":16},"end":{"line":22,"column":72}},"13":{"start":{"line":23,"column":2},"end":{"line":23,"column":29}},"14":{"start":{"line":24,"column":2},"end":{"line":24,"column":36}},"15":{"start":{"line":25,"column":2},"end":{"line":27,"column":5}},"16":{"start":{"line":30,"column":0},"end":{"line":39,"column":3}},"17":{"start":{"line":31,"column":16},"end":{"line":31,"column":72}},"18":{"start":{"line":32,"column":2},"end":{"line":34,"column":5}},"19":{"start":{"line":33,"column":4},"end":{"line":33,"column":31}},"20":{"start":{"line":36,"column":2},"end":{"line":36,"column":21}},"21":{"start":{"line":38,"column":2},"end":{"line":38,"column":31}},"22":{"start":{"line":41,"column":0},"end":{"line":50,"column":3}},"23":{"start":{"line":42,"column":24},"end":{"line":45,"column":3}},"24":{"start":{"line":46,"column":2},"end":{"line":46,"column":34}},"25":{"start":{"line":47,"column":2},"end":{"line":47,"column":55}},"26":{"start":{"line":49,"column":2},"end":{"line":49,"column":68}}},"fnMap":{"0":{"name":"(anonymous_0)","decl":{"start":{"line":7,"column":38},"end":{"line":7,"column":39}},"loc":{"start":{"line":7,"column":64},"end":{"line":14,"column":1}},"line":7},"1":{"name":"(anonymous_1)","decl":{"start":{"line":16,"column":34},"end":{"line":16,"column":35}},"loc":{"start":{"line":16,"column":60},"end":{"line":19,"column":1}},"line":16},"2":{"name":"(anonymous_2)","decl":{"start":{"line":21,"column":37},"end":{"line":21,"column":38}},"loc":{"start":{"line":21,"column":57},"end":{"line":28,"column":1}},"line":21},"3":{"name":"(anonymous_3)","decl":{"start":{"line":30,"column":37},"end":{"line":30,"column":38}},"loc":{"start":{"line":30,"column":57},"end":{"line":39,"column":1}},"line":30},"4":{"name":"(anonymous_4)","decl":{"start":{"line":32,"column":32},"end":{"line":32,"column":33}},"loc":{"start":{"line":32,"column":41},"end":{"line":34,"column":3}},"line":32},"5":{"name":"(anonymous_5)","decl":{"start":{"line":41,"column":37},"end":{"line":41,"column":38}},"loc":{"start":{"line":41,"column":63},"end":{"line":50,"column":1}},"line":41}},"branchMap":{},"s":{"0":1,"1":1,"2":1,"3":1,"4":1,"5":1,"6":0,"7":0,"8":1,"9":0,"10":0,"11":1,"12":0,"13":0,"14":0,"15":0,"16":1,"17":0,"18":0,"19":0,"20":0,"21":0,"22":1,"23":0,"24":0,"25":0,"26":0},"f":{"0":0,"1":0,"2":0,"3":0,"4":0,"5":0},"b":{},"_coverageSchema":"1a1c01bbd47fc00a2c39e90264f33305004495a9","hash":"5b2ae9a07dad9d4a18844c11e97c2b5ab8cecb3c"}
,"D:\\Courses\\0-MyProjects\\Bosta Assesment\\Url_Monitoring_Server\\controllers\\errorController.js": {"path":"D:\\Courses\\0-MyProjects\\Bosta Assesment\\Url_Monitoring_Server\\controllers\\errorController.js","statementMap":{"0":{"start":{"line":1,"column":17},"end":{"line":1,"column":45}},"1":{"start":{"line":2,"column":28},"end":{"line":5,"column":1}},"2":{"start":{"line":3,"column":18},"end":{"line":3,"column":32}},"3":{"start":{"line":4,"column":2},"end":{"line":4,"column":36}},"4":{"start":{"line":7,"column":32},"end":{"line":11,"column":1}},"5":{"start":{"line":8,"column":16},"end":{"line":8,"column":56}},"6":{"start":{"line":9,"column":18},"end":{"line":9,"column":72}},"7":{"start":{"line":10,"column":2},"end":{"line":10,"column":36}},"8":{"start":{"line":13,"column":32},"end":{"line":18,"column":1}},"9":{"start":{"line":14,"column":2},"end":{"line":14,"column":41}},"10":{"start":{"line":15,"column":17},"end":{"line":15,"column":66}},"11":{"start":{"line":15,"column":55},"end":{"line":15,"column":65}},"12":{"start":{"line":16,"column":18},"end":{"line":16,"column":60}},"13":{"start":{"line":17,"column":2},"end":{"line":17,"column":36}},"14":{"start":{"line":20,"column":26},"end":{"line":23,"column":1}},"15":{"start":{"line":21,"column":18},"end":{"line":21,"column":53}},"16":{"start":{"line":22,"column":2},"end":{"line":22,"column":36}},"17":{"start":{"line":25,"column":30},"end":{"line":28,"column":1}},"18":{"start":{"line":26,"column":18},"end":{"line":26,"column":64}},"19":{"start":{"line":27,"column":2},"end":{"line":27,"column":36}},"20":{"start":{"line":30,"column":17},"end":{"line":37,"column":1}},"21":{"start":{"line":31,"column":2},"end":{"line":36,"column":5}},"22":{"start":{"line":39,"column":18},"end":{"line":57,"column":1}},"23":{"start":{"line":40,"column":2},"end":{"line":56,"column":3}},"24":{"start":{"line":41,"column":4},"end":{"line":45,"column":7}},"25":{"start":{"line":46,"column":9},"end":{"line":56,"column":3}},"26":{"start":{"line":47,"column":4},"end":{"line":50,"column":7}},"27":{"start":{"line":52,"column":4},"end":{"line":55,"column":7}},"28":{"start":{"line":59,"column":0},"end":{"line":83,"column":2}},"29":{"start":{"line":60,"column":2},"end":{"line":60,"column":41}},"30":{"start":{"line":61,"column":2},"end":{"line":61,"column":37}},"31":{"start":{"line":63,"column":2},"end":{"line":82,"column":3}},"32":{"start":{"line":64,"column":4},"end":{"line":64,"column":23}},"33":{"start":{"line":65,"column":9},"end":{"line":82,"column":3}},"34":{"start":{"line":66,"column":16},"end":{"line":66,"column":26}},"35":{"start":{"line":67,"column":4},"end":{"line":67,"column":32}},"36":{"start":{"line":69,"column":4},"end":{"line":69,"column":69}},"37":{"start":{"line":69,"column":30},"end":{"line":69,"column":69}},"38":{"start":{"line":71,"column":4},"end":{"line":77,"column":5}},"39":{"start":{"line":72,"column":6},"end":{"line":76,"column":9}},"40":{"start":{"line":73,"column":8},"end":{"line":75,"column":9}},"41":{"start":{"line":74,"column":10},"end":{"line":74,"column":49}},"42":{"start":{"line":79,"column":4},"end":{"line":79,"column":69}},"43":{"start":{"line":79,"column":36},"end":{"line":79,"column":69}},"44":{"start":{"line":80,"column":4},"end":{"line":80,"column":76}},"45":{"start":{"line":80,"column":44},"end":{"line":80,"column":76}},"46":{"start":{"line":81,"column":4},"end":{"line":81,"column":26}}},"fnMap":{"0":{"name":"(anonymous_0)","decl":{"start":{"line":2,"column":28},"end":{"line":2,"column":29}},"loc":{"start":{"line":2,"column":37},"end":{"line":5,"column":1}},"line":2},"1":{"name":"(anonymous_1)","decl":{"start":{"line":7,"column":32},"end":{"line":7,"column":33}},"loc":{"start":{"line":7,"column":41},"end":{"line":11,"column":1}},"line":7},"2":{"name":"(anonymous_2)","decl":{"start":{"line":13,"column":32},"end":{"line":13,"column":33}},"loc":{"start":{"line":13,"column":41},"end":{"line":18,"column":1}},"line":13},"3":{"name":"(anonymous_3)","decl":{"start":{"line":15,"column":47},"end":{"line":15,"column":48}},"loc":{"start":{"line":15,"column":55},"end":{"line":15,"column":65}},"line":15},"4":{"name":"(anonymous_4)","decl":{"start":{"line":20,"column":26},"end":{"line":20,"column":27}},"loc":{"start":{"line":20,"column":35},"end":{"line":23,"column":1}},"line":20},"5":{"name":"(anonymous_5)","decl":{"start":{"line":25,"column":30},"end":{"line":25,"column":31}},"loc":{"start":{"line":25,"column":36},"end":{"line":28,"column":1}},"line":25},"6":{"name":"(anonymous_6)","decl":{"start":{"line":30,"column":17},"end":{"line":30,"column":18}},"loc":{"start":{"line":30,"column":31},"end":{"line":37,"column":1}},"line":30},"7":{"name":"(anonymous_7)","decl":{"start":{"line":39,"column":18},"end":{"line":39,"column":19}},"loc":{"start":{"line":39,"column":32},"end":{"line":57,"column":1}},"line":39},"8":{"name":"(anonymous_8)","decl":{"start":{"line":59,"column":17},"end":{"line":59,"column":18}},"loc":{"start":{"line":59,"column":42},"end":{"line":83,"column":1}},"line":59},"9":{"name":"(anonymous_9)","decl":{"start":{"line":72,"column":36},"end":{"line":72,"column":37}},"loc":{"start":{"line":72,"column":44},"end":{"line":76,"column":7}},"line":72}},"branchMap":{"0":{"loc":{"start":{"line":40,"column":2},"end":{"line":56,"column":3}},"type":"if","locations":[{"start":{"line":40,"column":2},"end":{"line":56,"column":3}},{"start":{"line":46,"column":9},"end":{"line":56,"column":3}}],"line":40},"1":{"loc":{"start":{"line":46,"column":9},"end":{"line":56,"column":3}},"type":"if","locations":[{"start":{"line":46,"column":9},"end":{"line":56,"column":3}},{"start":{"line":51,"column":9},"end":{"line":56,"column":3}}],"line":46},"2":{"loc":{"start":{"line":60,"column":19},"end":{"line":60,"column":40}},"type":"binary-expr","locations":[{"start":{"line":60,"column":19},"end":{"line":60,"column":33}},{"start":{"line":60,"column":37},"end":{"line":60,"column":40}}],"line":60},"3":{"loc":{"start":{"line":61,"column":15},"end":{"line":61,"column":36}},"type":"binary-expr","locations":[{"start":{"line":61,"column":15},"end":{"line":61,"column":25}},{"start":{"line":61,"column":29},"end":{"line":61,"column":36}}],"line":61},"4":{"loc":{"start":{"line":63,"column":2},"end":{"line":82,"column":3}},"type":"if","locations":[{"start":{"line":63,"column":2},"end":{"line":82,"column":3}},{"start":{"line":65,"column":9},"end":{"line":82,"column":3}}],"line":63},"5":{"loc":{"start":{"line":65,"column":9},"end":{"line":82,"column":3}},"type":"if","locations":[{"start":{"line":65,"column":9},"end":{"line":82,"column":3}},{"start":{},"end":{}}],"line":65},"6":{"loc":{"start":{"line":69,"column":4},"end":{"line":69,"column":69}},"type":"if","locations":[{"start":{"line":69,"column":4},"end":{"line":69,"column":69}},{"start":{},"end":{}}],"line":69},"7":{"loc":{"start":{"line":71,"column":4},"end":{"line":77,"column":5}},"type":"if","locations":[{"start":{"line":71,"column":4},"end":{"line":77,"column":5}},{"start":{},"end":{}}],"line":71},"8":{"loc":{"start":{"line":73,"column":8},"end":{"line":75,"column":9}},"type":"if","locations":[{"start":{"line":73,"column":8},"end":{"line":75,"column":9}},{"start":{},"end":{}}],"line":73},"9":{"loc":{"start":{"line":79,"column":4},"end":{"line":79,"column":69}},"type":"if","locations":[{"start":{"line":79,"column":4},"end":{"line":79,"column":69}},{"start":{},"end":{}}],"line":79},"10":{"loc":{"start":{"line":80,"column":4},"end":{"line":80,"column":76}},"type":"if","locations":[{"start":{"line":80,"column":4},"end":{"line":80,"column":76}},{"start":{},"end":{}}],"line":80}},"s":{"0":1,"1":1,"2":0,"3":0,"4":1,"5":0,"6":0,"7":0,"8":1,"9":0,"10":0,"11":0,"12":0,"13":0,"14":1,"15":0,"16":0,"17":1,"18":0,"19":0,"20":1,"21":0,"22":1,"23":0,"24":0,"25":0,"26":0,"27":0,"28":1,"29":0,"30":0,"31":0,"32":0,"33":0,"34":0,"35":0,"36":0,"37":0,"38":0,"39":0,"40":0,"41":0,"42":0,"43":0,"44":0,"45":0,"46":0},"f":{"0":0,"1":0,"2":0,"3":0,"4":0,"5":0,"6":0,"7":0,"8":0,"9":0},"b":{"0":[0,0],"1":[0,0],"2":[0,0],"3":[0,0],"4":[0,0],"5":[0,0],"6":[0,0],"7":[0,0],"8":[0,0],"9":[0,0],"10":[0,0]},"_coverageSchema":"1a1c01bbd47fc00a2c39e90264f33305004495a9","hash":"e570b0a3b8c02942668417afdcb50d907fecc38c"}
,"D:\\Courses\\0-MyProjects\\Bosta Assesment\\Url_Monitoring_Server\\controllers\\reportController.js": {"path":"D:\\Courses\\0-MyProjects\\Bosta Assesment\\Url_Monitoring_Server\\controllers\\reportController.js","statementMap":{"0":{"start":{"line":1,"column":19},"end":{"line":1,"column":46}},"1":{"start":{"line":2,"column":14},"end":{"line":2,"column":40}},"2":{"start":{"line":4,"column":17},"end":{"line":4,"column":45}},"3":{"start":{"line":5,"column":19},"end":{"line":5,"column":49}},"4":{"start":{"line":6,"column":20},"end":{"line":6,"column":48}},"5":{"start":{"line":8,"column":0},"end":{"line":20,"column":3}},"6":{"start":{"line":9,"column":17},"end":{"line":9,"column":57}},"7":{"start":{"line":10,"column":19},"end":{"line":10,"column":51}},"8":{"start":{"line":10,"column":41},"end":{"line":10,"column":50}},"9":{"start":{"line":11,"column":18},"end":{"line":13,"column":3}},"10":{"start":{"line":14,"column":2},"end":{"line":17,"column":6}},"11":{"start":{"line":15,"column":4},"end":{"line":17,"column":6}},"12":{"start":{"line":19,"column":2},"end":{"line":19,"column":56}},"13":{"start":{"line":22,"column":0},"end":{"line":28,"column":3}},"14":{"start":{"line":23,"column":16},"end":{"line":23,"column":77}},"15":{"start":{"line":24,"column":17},"end":{"line":24,"column":79}},"16":{"start":{"line":25,"column":2},"end":{"line":25,"column":73}},"17":{"start":{"line":25,"column":15},"end":{"line":25,"column":73}},"18":{"start":{"line":27,"column":2},"end":{"line":27,"column":32}},"19":{"start":{"line":30,"column":0},"end":{"line":41,"column":3}},"20":{"start":{"line":31,"column":17},"end":{"line":31,"column":73}},"21":{"start":{"line":32,"column":19},"end":{"line":32,"column":51}},"22":{"start":{"line":32,"column":41},"end":{"line":32,"column":50}},"23":{"start":{"line":34,"column":18},"end":{"line":36,"column":24}},"24":{"start":{"line":37,"column":2},"end":{"line":38,"column":67}},"25":{"start":{"line":38,"column":4},"end":{"line":38,"column":67}},"26":{"start":{"line":40,"column":2},"end":{"line":40,"column":56}}},"fnMap":{"0":{"name":"(anonymous_0)","decl":{"start":{"line":8,"column":39},"end":{"line":8,"column":40}},"loc":{"start":{"line":8,"column":65},"end":{"line":20,"column":1}},"line":8},"1":{"name":"(anonymous_1)","decl":{"start":{"line":10,"column":30},"end":{"line":10,"column":31}},"loc":{"start":{"line":10,"column":41},"end":{"line":10,"column":50}},"line":10},"2":{"name":"(anonymous_2)","decl":{"start":{"line":22,"column":40},"end":{"line":22,"column":41}},"loc":{"start":{"line":22,"column":66},"end":{"line":28,"column":1}},"line":22},"3":{"name":"(anonymous_3)","decl":{"start":{"line":30,"column":40},"end":{"line":30,"column":41}},"loc":{"start":{"line":30,"column":66},"end":{"line":41,"column":1}},"line":30},"4":{"name":"(anonymous_4)","decl":{"start":{"line":32,"column":30},"end":{"line":32,"column":31}},"loc":{"start":{"line":32,"column":41},"end":{"line":32,"column":50}},"line":32}},"branchMap":{"0":{"loc":{"start":{"line":14,"column":2},"end":{"line":17,"column":6}},"type":"if","locations":[{"start":{"line":14,"column":2},"end":{"line":17,"column":6}},{"start":{},"end":{}}],"line":14},"1":{"loc":{"start":{"line":25,"column":2},"end":{"line":25,"column":73}},"type":"if","locations":[{"start":{"line":25,"column":2},"end":{"line":25,"column":73}},{"start":{},"end":{}}],"line":25},"2":{"loc":{"start":{"line":37,"column":2},"end":{"line":38,"column":67}},"type":"if","locations":[{"start":{"line":37,"column":2},"end":{"line":38,"column":67}},{"start":{},"end":{}}],"line":37}},"s":{"0":1,"1":1,"2":1,"3":1,"4":1,"5":1,"6":0,"7":0,"8":0,"9":0,"10":0,"11":0,"12":0,"13":1,"14":0,"15":0,"16":0,"17":0,"18":0,"19":1,"20":0,"21":0,"22":0,"23":0,"24":0,"25":0,"26":0},"f":{"0":0,"1":0,"2":0,"3":0,"4":0},"b":{"0":[0,0],"1":[0,0],"2":[0,0]},"_coverageSchema":"1a1c01bbd47fc00a2c39e90264f33305004495a9","hash":"16b5cd0ad391123c6b5789a9b64085e2fcfea44e"}
,"D:\\Courses\\0-MyProjects\\Bosta Assesment\\Url_Monitoring_Server\\middlewares\\authMW.js": {"path":"D:\\Courses\\0-MyProjects\\Bosta Assesment\\Url_Monitoring_Server\\middlewares\\authMW.js","statementMap":{"0":{"start":{"line":1,"column":12},"end":{"line":1,"column":35}},"1":{"start":{"line":3,"column":13},"end":{"line":3,"column":38}},"2":{"start":{"line":4,"column":19},"end":{"line":4,"column":49}},"3":{"start":{"line":5,"column":17},"end":{"line":5,"column":45}},"4":{"start":{"line":7,"column":20},"end":{"line":13,"column":1}},"5":{"start":{"line":8,"column":2},"end":{"line":12,"column":3}},"6":{"start":{"line":9,"column":4},"end":{"line":9,"column":53}},"7":{"start":{"line":11,"column":4},"end":{"line":11,"column":45}},"8":{"start":{"line":15,"column":18},"end":{"line":24,"column":1}},"9":{"start":{"line":16,"column":15},"end":{"line":16,"column":38}},"10":{"start":{"line":17,"column":2},"end":{"line":19,"column":3}},"11":{"start":{"line":18,"column":4},"end":{"line":18,"column":79}},"12":{"start":{"line":20,"column":2},"end":{"line":22,"column":3}},"13":{"start":{"line":21,"column":4},"end":{"line":21,"column":56}},"14":{"start":{"line":23,"column":2},"end":{"line":23,"column":14}},"15":{"start":{"line":26,"column":0},"end":{"line":38,"column":3}},"16":{"start":{"line":27,"column":21},"end":{"line":27,"column":46}},"17":{"start":{"line":28,"column":2},"end":{"line":30,"column":3}},"18":{"start":{"line":29,"column":4},"end":{"line":29,"column":78}},"19":{"start":{"line":32,"column":16},"end":{"line":32,"column":40}},"20":{"start":{"line":33,"column":18},"end":{"line":33,"column":36}},"21":{"start":{"line":35,"column":2},"end":{"line":35,"column":41}},"22":{"start":{"line":37,"column":2},"end":{"line":37,"column":9}}},"fnMap":{"0":{"name":"(anonymous_0)","decl":{"start":{"line":7,"column":20},"end":{"line":7,"column":21}},"loc":{"start":{"line":7,"column":31},"end":{"line":13,"column":1}},"line":7},"1":{"name":"(anonymous_1)","decl":{"start":{"line":15,"column":18},"end":{"line":15,"column":19}},"loc":{"start":{"line":15,"column":32},"end":{"line":24,"column":1}},"line":15},"2":{"name":"(anonymous_2)","decl":{"start":{"line":26,"column":28},"end":{"line":26,"column":29}},"loc":{"start":{"line":26,"column":54},"end":{"line":38,"column":1}},"line":26}},"branchMap":{"0":{"loc":{"start":{"line":17,"column":2},"end":{"line":19,"column":3}},"type":"if","locations":[{"start":{"line":17,"column":2},"end":{"line":19,"column":3}},{"start":{},"end":{}}],"line":17},"1":{"loc":{"start":{"line":20,"column":2},"end":{"line":22,"column":3}},"type":"if","locations":[{"start":{"line":20,"column":2},"end":{"line":22,"column":3}},{"start":{},"end":{}}],"line":20},"2":{"loc":{"start":{"line":28,"column":2},"end":{"line":30,"column":3}},"type":"if","locations":[{"start":{"line":28,"column":2},"end":{"line":30,"column":3}},{"start":{},"end":{}}],"line":28},"3":{"loc":{"start":{"line":28,"column":6},"end":{"line":28,"column":54}},"type":"binary-expr","locations":[{"start":{"line":28,"column":6},"end":{"line":28,"column":17}},{"start":{"line":28,"column":21},"end":{"line":28,"column":54}}],"line":28}},"s":{"0":1,"1":1,"2":1,"3":1,"4":1,"5":0,"6":0,"7":0,"8":1,"9":0,"10":0,"11":0,"12":0,"13":0,"14":0,"15":1,"16":0,"17":0,"18":0,"19":0,"20":0,"21":0,"22":0},"f":{"0":0,"1":0,"2":0},"b":{"0":[0,0],"1":[0,0],"2":[0,0],"3":[0,0]},"_coverageSchema":"1a1c01bbd47fc00a2c39e90264f33305004495a9","hash":"6b1abb46082b4b9fc97c3454ce0da0eef8bc3b5f"}
,"D:\\Courses\\0-MyProjects\\Bosta Assesment\\Url_Monitoring_Server\\middlewares\\validationMW.js": {"path":"D:\\Courses\\0-MyProjects\\Bosta Assesment\\Url_Monitoring_Server\\middlewares\\validationMW.js","statementMap":{"0":{"start":{"line":1,"column":25},"end":{"line":1,"column":60}},"1":{"start":{"line":3,"column":0},"end":{"line":12,"column":2}},"2":{"start":{"line":4,"column":2},"end":{"line":11,"column":4}},"3":{"start":{"line":5,"column":22},"end":{"line":5,"column":47}},"4":{"start":{"line":6,"column":4},"end":{"line":9,"column":5}},"5":{"start":{"line":7,"column":31},"end":{"line":7,"column":70}},"6":{"start":{"line":7,"column":58},"end":{"line":7,"column":69}},"7":{"start":{"line":8,"column":6},"end":{"line":8,"column":58}},"8":{"start":{"line":10,"column":4},"end":{"line":10,"column":11}}},"fnMap":{"0":{"name":"(anonymous_0)","decl":{"start":{"line":3,"column":17},"end":{"line":3,"column":18}},"loc":{"start":{"line":3,"column":29},"end":{"line":12,"column":1}},"line":3},"1":{"name":"(anonymous_1)","decl":{"start":{"line":4,"column":9},"end":{"line":4,"column":10}},"loc":{"start":{"line":4,"column":29},"end":{"line":11,"column":3}},"line":4},"2":{"name":"(anonymous_2)","decl":{"start":{"line":7,"column":49},"end":{"line":7,"column":50}},"loc":{"start":{"line":7,"column":58},"end":{"line":7,"column":69}},"line":7}},"branchMap":{"0":{"loc":{"start":{"line":6,"column":4},"end":{"line":9,"column":5}},"type":"if","locations":[{"start":{"line":6,"column":4},"end":{"line":9,"column":5}},{"start":{},"end":{}}],"line":6}},"s":{"0":1,"1":1,"2":7,"3":0,"4":0,"5":0,"6":0,"7":0,"8":0},"f":{"0":7,"1":0,"2":0},"b":{"0":[0,0]},"_coverageSchema":"1a1c01bbd47fc00a2c39e90264f33305004495a9","hash":"ff451aba4afad26ac6ccf44b72df8304e74bc0b8"}
,"D:\\Courses\\0-MyProjects\\Bosta Assesment\\Url_Monitoring_Server\\models\\Check.js": {"path":"D:\\Courses\\0-MyProjects\\Bosta Assesment\\Url_Monitoring_Server\\models\\Check.js","statementMap":{"0":{"start":{"line":1,"column":17},"end":{"line":1,"column":36}},"1":{"start":{"line":2,"column":19},"end":{"line":2,"column":38}},"2":{"start":{"line":3,"column":17},"end":{"line":3,"column":45}},"3":{"start":{"line":5,"column":29},"end":{"line":17,"column":1}},"4":{"start":{"line":19,"column":26},"end":{"line":31,"column":1}},"5":{"start":{"line":33,"column":21},"end":{"line":41,"column":1}},"6":{"start":{"line":43,"column":20},"end":{"line":116,"column":1}},"7":{"start":{"line":118,"column":0},"end":{"line":156,"column":2}},"8":{"start":{"line":120,"column":24},"end":{"line":124,"column":6}},"9":{"start":{"line":125,"column":4},"end":{"line":129,"column":8}},"10":{"start":{"line":126,"column":6},"end":{"line":129,"column":8}},"11":{"start":{"line":131,"column":4},"end":{"line":131,"column":16}},"12":{"start":{"line":135,"column":19},"end":{"line":135,"column":45}},"13":{"start":{"line":136,"column":4},"end":{"line":137,"column":76}},"14":{"start":{"line":137,"column":6},"end":{"line":137,"column":76}},"15":{"start":{"line":138,"column":4},"end":{"line":138,"column":18}},"16":{"start":{"line":142,"column":18},"end":{"line":142,"column":56}},"17":{"start":{"line":143,"column":4},"end":{"line":143,"column":59}},"18":{"start":{"line":143,"column":16},"end":{"line":143,"column":59}},"19":{"start":{"line":144,"column":4},"end":{"line":144,"column":17}},"20":{"start":{"line":148,"column":19},"end":{"line":151,"column":6}},"21":{"start":{"line":152,"column":4},"end":{"line":153,"column":69}},"22":{"start":{"line":153,"column":6},"end":{"line":153,"column":69}},"23":{"start":{"line":154,"column":4},"end":{"line":154,"column":18}},"24":{"start":{"line":159,"column":0},"end":{"line":163,"column":2}},"25":{"start":{"line":161,"column":4},"end":{"line":161,"column":45}},"26":{"start":{"line":164,"column":0},"end":{"line":167,"column":3}},"27":{"start":{"line":165,"column":2},"end":{"line":165,"column":70}},"28":{"start":{"line":166,"column":2},"end":{"line":166,"column":9}},"29":{"start":{"line":169,"column":0},"end":{"line":169,"column":54}}},"fnMap":{"0":{"name":"(anonymous_0)","decl":{"start":{"line":119,"column":15},"end":{"line":119,"column":16}},"loc":{"start":{"line":119,"column":56},"end":{"line":132,"column":3}},"line":119},"1":{"name":"(anonymous_1)","decl":{"start":{"line":134,"column":18},"end":{"line":134,"column":19}},"loc":{"start":{"line":134,"column":41},"end":{"line":139,"column":3}},"line":134},"2":{"name":"(anonymous_2)","decl":{"start":{"line":141,"column":19},"end":{"line":141,"column":20}},"loc":{"start":{"line":141,"column":46},"end":{"line":145,"column":3}},"line":141},"3":{"name":"(anonymous_3)","decl":{"start":{"line":147,"column":19},"end":{"line":147,"column":20}},"loc":{"start":{"line":147,"column":48},"end":{"line":155,"column":3}},"line":147},"4":{"name":"(anonymous_4)","decl":{"start":{"line":160,"column":16},"end":{"line":160,"column":17}},"loc":{"start":{"line":160,"column":34},"end":{"line":162,"column":3}},"line":160},"5":{"name":"(anonymous_5)","decl":{"start":{"line":164,"column":24},"end":{"line":164,"column":25}},"loc":{"start":{"line":164,"column":46},"end":{"line":167,"column":1}},"line":164}},"branchMap":{"0":{"loc":{"start":{"line":119,"column":37},"end":{"line":119,"column":47}},"type":"default-arg","locations":[{"start":{"line":119,"column":43},"end":{"line":119,"column":47}}],"line":119},"1":{"loc":{"start":{"line":125,"column":4},"end":{"line":129,"column":8}},"type":"if","locations":[{"start":{"line":125,"column":4},"end":{"line":129,"column":8}},{"start":{},"end":{}}],"line":125},"2":{"loc":{"start":{"line":136,"column":4},"end":{"line":137,"column":76}},"type":"if","locations":[{"start":{"line":136,"column":4},"end":{"line":137,"column":76}},{"start":{},"end":{}}],"line":136},"3":{"loc":{"start":{"line":143,"column":4},"end":{"line":143,"column":59}},"type":"if","locations":[{"start":{"line":143,"column":4},"end":{"line":143,"column":59}},{"start":{},"end":{}}],"line":143},"4":{"loc":{"start":{"line":152,"column":4},"end":{"line":153,"column":69}},"type":"if","locations":[{"start":{"line":152,"column":4},"end":{"line":153,"column":69}},{"start":{},"end":{}}],"line":152}},"s":{"0":1,"1":1,"2":1,"3":1,"4":1,"5":1,"6":1,"7":1,"8":0,"9":0,"10":0,"11":0,"12":0,"13":0,"14":0,"15":0,"16":0,"17":0,"18":0,"19":0,"20":0,"21":0,"22":0,"23":0,"24":1,"25":0,"26":1,"27":0,"28":0,"29":1},"f":{"0":0,"1":0,"2":0,"3":0,"4":0,"5":0},"b":{"0":[0],"1":[0,0],"2":[0,0],"3":[0,0],"4":[0,0]},"_coverageSchema":"1a1c01bbd47fc00a2c39e90264f33305004495a9","hash":"9504b73e092304bbecd4f11247d6e7501e1fb7f0"}
,"D:\\Courses\\0-MyProjects\\Bosta Assesment\\Url_Monitoring_Server\\models\\Report.js": {"path":"D:\\Courses\\0-MyProjects\\Bosta Assesment\\Url_Monitoring_Server\\models\\Report.js","statementMap":{"0":{"start":{"line":1,"column":17},"end":{"line":1,"column":36}},"1":{"start":{"line":2,"column":14},"end":{"line":2,"column":48}},"2":{"start":{"line":3,"column":13},"end":{"line":3,"column":30}},"3":{"start":{"line":5,"column":22},"end":{"line":28,"column":1}},"4":{"start":{"line":29,"column":21},"end":{"line":68,"column":1}},"5":{"start":{"line":71,"column":0},"end":{"line":75,"column":3}},"6":{"start":{"line":77,"column":0},"end":{"line":83,"column":3}},"7":{"start":{"line":78,"column":2},"end":{"line":81,"column":5}},"8":{"start":{"line":82,"column":2},"end":{"line":82,"column":9}},"9":{"start":{"line":85,"column":0},"end":{"line":91,"column":2}},"10":{"start":{"line":87,"column":4},"end":{"line":87,"column":32}},"11":{"start":{"line":88,"column":17},"end":{"line":88,"column":54}},"12":{"start":{"line":89,"column":4},"end":{"line":89,"column":78}},"13":{"start":{"line":93,"column":16},"end":{"line":93,"column":56}},"14":{"start":{"line":94,"column":15},"end":{"line":94,"column":53}},"15":{"start":{"line":96,"column":0},"end":{"line":96,"column":37}}},"fnMap":{"0":{"name":"(anonymous_0)","decl":{"start":{"line":77,"column":26},"end":{"line":77,"column":27}},"loc":{"start":{"line":77,"column":42},"end":{"line":83,"column":1}},"line":77},"1":{"name":"(anonymous_1)","decl":{"start":{"line":86,"column":2},"end":{"line":86,"column":3}},"loc":{"start":{"line":86,"column":26},"end":{"line":90,"column":3}},"line":86}},"branchMap":{},"s":{"0":1,"1":1,"2":1,"3":1,"4":1,"5":1,"6":1,"7":0,"8":0,"9":1,"10":0,"11":0,"12":0,"13":1,"14":1,"15":1},"f":{"0":0,"1":0},"b":{},"_coverageSchema":"1a1c01bbd47fc00a2c39e90264f33305004495a9","hash":"fa0b6e7d44314165020c84d6618bc150d5fba548"}
,"D:\\Courses\\0-MyProjects\\Bosta Assesment\\Url_Monitoring_Server\\models\\User.js": {"path":"D:\\Courses\\0-MyProjects\\Bosta Assesment\\Url_Monitoring_Server\\models\\User.js","statementMap":{"0":{"start":{"line":1,"column":17},"end":{"line":1,"column":36}},"1":{"start":{"line":2,"column":15},"end":{"line":2,"column":32}},"2":{"start":{"line":3,"column":21},"end":{"line":3,"column":44}},"3":{"start":{"line":5,"column":17},"end":{"line":5,"column":45}},"4":{"start":{"line":7,"column":19},"end":{"line":41,"column":1}},"5":{"start":{"line":20,"column":10},"end":{"line":20,"column":76}},"6":{"start":{"line":43,"column":0},"end":{"line":47,"column":3}},"7":{"start":{"line":44,"column":2},"end":{"line":44,"column":50}},"8":{"start":{"line":44,"column":36},"end":{"line":44,"column":50}},"9":{"start":{"line":45,"column":2},"end":{"line":45,"column":55}},"10":{"start":{"line":46,"column":2},"end":{"line":46,"column":9}},"11":{"start":{"line":50,"column":0},"end":{"line":54,"column":3}},"12":{"start":{"line":51,"column":2},"end":{"line":51,"column":44}},"13":{"start":{"line":51,"column":30},"end":{"line":51,"column":44}},"14":{"start":{"line":52,"column":2},"end":{"line":52,"column":71}},"15":{"start":{"line":53,"column":2},"end":{"line":53,"column":9}},"16":{"start":{"line":57,"column":0},"end":{"line":67,"column":2}},"17":{"start":{"line":59,"column":17},"end":{"line":59,"column":66}},"18":{"start":{"line":60,"column":4},"end":{"line":60,"column":70}},"19":{"start":{"line":60,"column":15},"end":{"line":60,"column":70}},"20":{"start":{"line":62,"column":20},"end":{"line":62,"column":65}},"21":{"start":{"line":63,"column":4},"end":{"line":63,"column":73}},"22":{"start":{"line":63,"column":18},"end":{"line":63,"column":73}},"23":{"start":{"line":65,"column":4},"end":{"line":65,"column":16}},"24":{"start":{"line":70,"column":0},"end":{"line":87,"column":2}},"25":{"start":{"line":73,"column":30},"end":{"line":76,"column":6}},"26":{"start":{"line":78,"column":4},"end":{"line":78,"column":52}},"27":{"start":{"line":79,"column":4},"end":{"line":79,"column":69}},"28":{"start":{"line":81,"column":4},"end":{"line":81,"column":16}},"29":{"start":{"line":83,"column":4},"end":{"line":83,"column":22}},"30":{"start":{"line":85,"column":4},"end":{"line":85,"column":29}},"31":{"start":{"line":88,"column":0},"end":{"line":88,"column":52}}},"fnMap":{"0":{"name":"(anonymous_0)","decl":{"start":{"line":19,"column":19},"end":{"line":19,"column":20}},"loc":{"start":{"line":19,"column":34},"end":{"line":21,"column":9}},"line":19},"1":{"name":"(anonymous_1)","decl":{"start":{"line":43,"column":23},"end":{"line":43,"column":24}},"loc":{"start":{"line":43,"column":45},"end":{"line":47,"column":1}},"line":43},"2":{"name":"(anonymous_2)","decl":{"start":{"line":50,"column":35},"end":{"line":50,"column":36}},"loc":{"start":{"line":50,"column":57},"end":{"line":54,"column":1}},"line":50},"3":{"name":"(anonymous_3)","decl":{"start":{"line":58,"column":16},"end":{"line":58,"column":17}},"loc":{"start":{"line":58,"column":49},"end":{"line":66,"column":3}},"line":58},"4":{"name":"(anonymous_4)","decl":{"start":{"line":71,"column":32},"end":{"line":71,"column":33}},"loc":{"start":{"line":71,"column":44},"end":{"line":86,"column":3}},"line":71}},"branchMap":{"0":{"loc":{"start":{"line":44,"column":2},"end":{"line":44,"column":50}},"type":"if","locations":[{"start":{"line":44,"column":2},"end":{"line":44,"column":50}},{"start":{},"end":{}}],"line":44},"1":{"loc":{"start":{"line":51,"column":2},"end":{"line":51,"column":44}},"type":"if","locations":[{"start":{"line":51,"column":2},"end":{"line":51,"column":44}},{"start":{},"end":{}}],"line":51},"2":{"loc":{"start":{"line":60,"column":4},"end":{"line":60,"column":70}},"type":"if","locations":[{"start":{"line":60,"column":4},"end":{"line":60,"column":70}},{"start":{},"end":{}}],"line":60},"3":{"loc":{"start":{"line":63,"column":4},"end":{"line":63,"column":73}},"type":"if","locations":[{"start":{"line":63,"column":4},"end":{"line":63,"column":73}},{"start":{},"end":{}}],"line":63}},"s":{"0":1,"1":1,"2":1,"3":1,"4":1,"5":0,"6":1,"7":0,"8":0,"9":0,"10":0,"11":1,"12":0,"13":0,"14":0,"15":0,"16":1,"17":0,"18":0,"19":0,"20":0,"21":0,"22":0,"23":0,"24":1,"25":0,"26":0,"27":0,"28":0,"29":0,"30":0,"31":1},"f":{"0":0,"1":0,"2":0,"3":0,"4":0},"b":{"0":[0,0],"1":[0,0],"2":[0,0],"3":[0,0]},"_coverageSchema":"1a1c01bbd47fc00a2c39e90264f33305004495a9","hash":"59fe844ea6f395cb93dc536974236b1449332dda"}
,"D:\\Courses\\0-MyProjects\\Bosta Assesment\\Url_Monitoring_Server\\routes\\checkRoute.js": {"path":"D:\\Courses\\0-MyProjects\\Bosta Assesment\\Url_Monitoring_Server\\routes\\checkRoute.js","statementMap":{"0":{"start":{"line":1,"column":16},"end":{"line":1,"column":34}},"1":{"start":{"line":3,"column":15},"end":{"line":3,"column":47}},"2":{"start":{"line":10,"column":4},"end":{"line":10,"column":45}},"3":{"start":{"line":14,"column":4},"end":{"line":14,"column":44}},"4":{"start":{"line":16,"column":15},"end":{"line":16,"column":31}},"5":{"start":{"line":18,"column":0},"end":{"line":18,"column":19}},"6":{"start":{"line":19,"column":0},"end":{"line":22,"column":48}},"7":{"start":{"line":23,"column":0},"end":{"line":27,"column":27}},"8":{"start":{"line":29,"column":0},"end":{"line":29,"column":24}}},"fnMap":{},"branchMap":{},"s":{"0":1,"1":1,"2":1,"3":1,"4":1,"5":1,"6":1,"7":1,"8":1},"f":{},"b":{},"_coverageSchema":"1a1c01bbd47fc00a2c39e90264f33305004495a9","hash":"5ecdf5f5eb0c637a7007d0bc12c39b8e189b7701"}
,"D:\\Courses\\0-MyProjects\\Bosta Assesment\\Url_Monitoring_Server\\routes\\reportRoutes.js": {"path":"D:\\Courses\\0-MyProjects\\Bosta Assesment\\Url_Monitoring_Server\\routes\\reportRoutes.js","statementMap":{"0":{"start":{"line":1,"column":16},"end":{"line":1,"column":34}},"1":{"start":{"line":3,"column":15},"end":{"line":3,"column":47}},"2":{"start":{"line":8,"column":4},"end":{"line":8,"column":46}},"3":{"start":{"line":10,"column":33},"end":{"line":10,"column":74}},"4":{"start":{"line":11,"column":15},"end":{"line":11,"column":31}},"5":{"start":{"line":13,"column":0},"end":{"line":13,"column":19}},"6":{"start":{"line":15,"column":0},"end":{"line":15,"column":41}},"7":{"start":{"line":17,"column":0},"end":{"line":17,"column":69}},"8":{"start":{"line":19,"column":0},"end":{"line":19,"column":50}},"9":{"start":{"line":21,"column":0},"end":{"line":21,"column":24}}},"fnMap":{},"branchMap":{},"s":{"0":1,"1":1,"2":1,"3":1,"4":1,"5":1,"6":1,"7":1,"8":1,"9":1},"f":{},"b":{},"_coverageSchema":"1a1c01bbd47fc00a2c39e90264f33305004495a9","hash":"d7b3aec75a05fd05cc2ffd73298f730e8493a9d1"}
,"D:\\Courses\\0-MyProjects\\Bosta Assesment\\Url_Monitoring_Server\\routes\\userRoute.js": {"path":"D:\\Courses\\0-MyProjects\\Bosta Assesment\\Url_Monitoring_Server\\routes\\userRoute.js","statementMap":{"0":{"start":{"line":1,"column":16},"end":{"line":1,"column":34}},"1":{"start":{"line":3,"column":15},"end":{"line":3,"column":47}},"2":{"start":{"line":12,"column":4},"end":{"line":12,"column":44}},"3":{"start":{"line":18,"column":4},"end":{"line":18,"column":43}},"4":{"start":{"line":20,"column":15},"end":{"line":20,"column":31}},"5":{"start":{"line":22,"column":0},"end":{"line":22,"column":47}},"6":{"start":{"line":23,"column":0},"end":{"line":23,"column":44}},"7":{"start":{"line":24,"column":0},"end":{"line":24,"column":48}},"8":{"start":{"line":25,"column":0},"end":{"line":29,"column":2}},"9":{"start":{"line":31,"column":0},"end":{"line":31,"column":19}},"10":{"start":{"line":33,"column":0},"end":{"line":33,"column":79}},"11":{"start":{"line":35,"column":0},"end":{"line":35,"column":24}}},"fnMap":{},"branchMap":{},"s":{"0":1,"1":1,"2":1,"3":1,"4":1,"5":1,"6":1,"7":1,"8":1,"9":1,"10":1,"11":1},"f":{},"b":{},"_coverageSchema":"1a1c01bbd47fc00a2c39e90264f33305004495a9","hash":"bb54b6a20bb12f98c351e15176fdbbdab3c081d3"}
,"D:\\Courses\\0-MyProjects\\Bosta Assesment\\Url_Monitoring_Server\\services\\cronService.js": {"path":"D:\\Courses\\0-MyProjects\\Bosta Assesment\\Url_Monitoring_Server\\services\\cronService.js","statementMap":{"0":{"start":{"line":1,"column":13},"end":{"line":1,"column":33}},"1":{"start":{"line":2,"column":14},"end":{"line":2,"column":30}},"2":{"start":{"line":3,"column":19},"end":{"line":3,"column":41}},"3":{"start":{"line":5,"column":28},"end":{"line":5,"column":55}},"4":{"start":{"line":6,"column":14},"end":{"line":6,"column":40}},"5":{"start":{"line":10,"column":4},"end":{"line":10,"column":20}},"6":{"start":{"line":14,"column":4},"end":{"line":14,"column":38}},"7":{"start":{"line":15,"column":26},"end":{"line":15,"column":39}},"8":{"start":{"line":16,"column":17},"end":{"line":16,"column":41}},"9":{"start":{"line":17,"column":4},"end":{"line":17,"column":70}},"10":{"start":{"line":18,"column":4},"end":{"line":18,"column":27}},"11":{"start":{"line":19,"column":4},"end":{"line":19,"column":25}},"12":{"start":{"line":20,"column":4},"end":{"line":24,"column":7}},"13":{"start":{"line":25,"column":4},"end":{"line":25,"column":24}},"14":{"start":{"line":26,"column":4},"end":{"line":28,"column":5}},"15":{"start":{"line":27,"column":6},"end":{"line":27,"column":37}},"16":{"start":{"line":32,"column":4},"end":{"line":32,"column":34}},"17":{"start":{"line":33,"column":26},"end":{"line":33,"column":39}},"18":{"start":{"line":34,"column":4},"end":{"line":34,"column":21}},"19":{"start":{"line":35,"column":4},"end":{"line":35,"column":49}},"20":{"start":{"line":36,"column":4},"end":{"line":36,"column":27}},"21":{"start":{"line":37,"column":4},"end":{"line":41,"column":7}},"22":{"start":{"line":42,"column":4},"end":{"line":42,"column":24}},"23":{"start":{"line":43,"column":4},"end":{"line":45,"column":5}},"24":{"start":{"line":44,"column":6},"end":{"line":44,"column":37}},"25":{"start":{"line":50,"column":22},"end":{"line":50,"column":32}},"26":{"start":{"line":51,"column":19},"end":{"line":53,"column":5}},"27":{"start":{"line":54,"column":19},"end":{"line":59,"column":6}},"28":{"start":{"line":60,"column":4},"end":{"line":60,"column":53}},"29":{"start":{"line":61,"column":4},"end":{"line":91,"column":5}},"30":{"start":{"line":62,"column":23},"end":{"line":65,"column":8}},"31":{"start":{"line":66,"column":27},"end":{"line":66,"column":49}},"32":{"start":{"line":67,"column":6},"end":{"line":69,"column":36}},"33":{"start":{"line":70,"column":6},"end":{"line":77,"column":7}},"34":{"start":{"line":74,"column":8},"end":{"line":74,"column":71}},"35":{"start":{"line":76,"column":8},"end":{"line":76,"column":75}},"36":{"start":{"line":79,"column":6},"end":{"line":79,"column":26}},"37":{"start":{"line":83,"column":6},"end":{"line":83,"column":34}},"38":{"start":{"line":85,"column":27},"end":{"line":85,"column":49}},"39":{"start":{"line":86,"column":6},"end":{"line":90,"column":7}},"40":{"start":{"line":87,"column":8},"end":{"line":87,"column":75}},"41":{"start":{"line":89,"column":8},"end":{"line":89,"column":71}},"42":{"start":{"line":96,"column":4},"end":{"line":96,"column":53}},"43":{"start":{"line":97,"column":17},"end":{"line":100,"column":5}},"44":{"start":{"line":99,"column":18},"end":{"line":99,"column":53}},"45":{"start":{"line":101,"column":4},"end":{"line":101,"column":33}},"46":{"start":{"line":102,"column":4},"end":{"line":102,"column":23}},"47":{"start":{"line":107,"column":19},"end":{"line":107,"column":37}},"48":{"start":{"line":108,"column":4},"end":{"line":110,"column":7}},"49":{"start":{"line":109,"column":6},"end":{"line":109,"column":37}},"50":{"start":{"line":114,"column":0},"end":{"line":114,"column":39}}},"fnMap":{"0":{"name":"(anonymous_0)","decl":{"start":{"line":9,"column":2},"end":{"line":9,"column":3}},"loc":{"start":{"line":9,"column":16},"end":{"line":11,"column":3}},"line":9},"1":{"name":"(anonymous_1)","decl":{"start":{"line":13,"column":2},"end":{"line":13,"column":3}},"loc":{"start":{"line":13,"column":58},"end":{"line":29,"column":3}},"line":13},"2":{"name":"(anonymous_2)","decl":{"start":{"line":31,"column":2},"end":{"line":31,"column":3}},"loc":{"start":{"line":31,"column":54},"end":{"line":46,"column":3}},"line":31},"3":{"name":"(anonymous_3)","decl":{"start":{"line":49,"column":2},"end":{"line":49,"column":3}},"loc":{"start":{"line":49,"column":33},"end":{"line":92,"column":3}},"line":49},"4":{"name":"(anonymous_4)","decl":{"start":{"line":95,"column":2},"end":{"line":95,"column":3}},"loc":{"start":{"line":95,"column":28},"end":{"line":103,"column":3}},"line":95},"5":{"name":"(anonymous_5)","decl":{"start":{"line":99,"column":6},"end":{"line":99,"column":7}},"loc":{"start":{"line":99,"column":18},"end":{"line":99,"column":53}},"line":99},"6":{"name":"(anonymous_6)","decl":{"start":{"line":106,"column":2},"end":{"line":106,"column":3}},"loc":{"start":{"line":106,"column":18},"end":{"line":111,"column":3}},"line":106},"7":{"name":"(anonymous_7)","decl":{"start":{"line":108,"column":16},"end":{"line":108,"column":17}},"loc":{"start":{"line":108,"column":33},"end":{"line":110,"column":5}},"line":108}},"branchMap":{"0":{"loc":{"start":{"line":26,"column":4},"end":{"line":28,"column":5}},"type":"if","locations":[{"start":{"line":26,"column":4},"end":{"line":28,"column":5}},{"start":{},"end":{}}],"line":26},"1":{"loc":{"start":{"line":43,"column":4},"end":{"line":45,"column":5}},"type":"if","locations":[{"start":{"line":43,"column":4},"end":{"line":45,"column":5}},{"start":{},"end":{}}],"line":43},"2":{"loc":{"start":{"line":70,"column":6},"end":{"line":77,"column":7}},"type":"if","locations":[{"start":{"line":70,"column":6},"end":{"line":77,"column":7}},{"start":{"line":75,"column":13},"end":{"line":77,"column":7}}],"line":70},"3":{"loc":{"start":{"line":71,"column":8},"end":{"line":72,"column":49}},"type":"binary-expr","locations":[{"start":{"line":71,"column":9},"end":{"line":71,"column":21}},{"start":{"line":71,"column":25},"end":{"line":71,"column":68}},{"start":{"line":72,"column":9},"end":{"line":72,"column":22}},{"start":{"line":72,"column":26},"end":{"line":72,"column":48}}],"line":71},"4":{"loc":{"start":{"line":86,"column":6},"end":{"line":90,"column":7}},"type":"if","locations":[{"start":{"line":86,"column":6},"end":{"line":90,"column":7}},{"start":{"line":88,"column":13},"end":{"line":90,"column":7}}],"line":86},"5":{"loc":{"start":{"line":86,"column":10},"end":{"line":86,"column":72}},"type":"binary-expr","locations":[{"start":{"line":86,"column":10},"end":{"line":86,"column":22}},{"start":{"line":86,"column":26},"end":{"line":86,"column":72}}],"line":86}},"s":{"0":1,"1":1,"2":1,"3":1,"4":1,"5":1,"6":0,"7":0,"8":0,"9":0,"10":0,"11":0,"12":0,"13":0,"14":0,"15":0,"16":0,"17":0,"18":0,"19":0,"20":0,"21":0,"22":0,"23":0,"24":0,"25":0,"26":0,"27":0,"28":0,"29":0,"30":0,"31":0,"32":0,"33":0,"34":0,"35":0,"36":0,"37":0,"38":0,"39":0,"40":0,"41":0,"42":0,"43":0,"44":0,"45":0,"46":0,"47":0,"48":0,"49":0,"50":1},"f":{"0":1,"1":0,"2":0,"3":0,"4":0,"5":0,"6":0,"7":0},"b":{"0":[0,0],"1":[0,0],"2":[0,0],"3":[0,0,0,0],"4":[0,0],"5":[0,0]},"_coverageSchema":"1a1c01bbd47fc00a2c39e90264f33305004495a9","hash":"9c311ef5ff7cf361b3128910029e09534520abd8"}
,"D:\\Courses\\0-MyProjects\\Bosta Assesment\\Url_Monitoring_Server\\services\\mailService.js": {"path":"D:\\Courses\\0-MyProjects\\Bosta Assesment\\Url_Monitoring_Server\\services\\mailService.js","statementMap":{"0":{"start":{"line":1,"column":15},"end":{"line":1,"column":36}},"1":{"start":{"line":2,"column":0},"end":{"line":47,"column":2}},"2":{"start":{"line":4,"column":4},"end":{"line":4,"column":25}},"3":{"start":{"line":5,"column":4},"end":{"line":5,"column":26}},"4":{"start":{"line":6,"column":4},"end":{"line":6,"column":52}},"5":{"start":{"line":10,"column":4},"end":{"line":17,"column":7}},"6":{"start":{"line":22,"column":24},"end":{"line":27,"column":5}},"7":{"start":{"line":29,"column":4},"end":{"line":29,"column":52}},"8":{"start":{"line":34,"column":4},"end":{"line":37,"column":6}},"9":{"start":{"line":42,"column":4},"end":{"line":45,"column":6}}},"fnMap":{"0":{"name":"(anonymous_0)","decl":{"start":{"line":3,"column":2},"end":{"line":3,"column":3}},"loc":{"start":{"line":3,"column":20},"end":{"line":7,"column":3}},"line":3},"1":{"name":"(anonymous_1)","decl":{"start":{"line":9,"column":2},"end":{"line":9,"column":3}},"loc":{"start":{"line":9,"column":17},"end":{"line":18,"column":3}},"line":9},"2":{"name":"(anonymous_2)","decl":{"start":{"line":21,"column":2},"end":{"line":21,"column":3}},"loc":{"start":{"line":21,"column":31},"end":{"line":30,"column":3}},"line":21},"3":{"name":"(anonymous_3)","decl":{"start":{"line":33,"column":2},"end":{"line":33,"column":3}},"loc":{"start":{"line":33,"column":37},"end":{"line":38,"column":3}},"line":33},"4":{"name":"(anonymous_4)","decl":{"start":{"line":41,"column":2},"end":{"line":41,"column":3}},"loc":{"start":{"line":41,"column":50},"end":{"line":46,"column":3}},"line":41}},"branchMap":{},"s":{"0":1,"1":1,"2":0,"3":0,"4":0,"5":0,"6":0,"7":0,"8":0,"9":0},"f":{"0":0,"1":0,"2":0,"3":0,"4":0},"b":{},"_coverageSchema":"1a1c01bbd47fc00a2c39e90264f33305004495a9","hash":"a6f47f7869986079c5ad737aa967b769ef34056b"}
,"D:\\Courses\\0-MyProjects\\Bosta Assesment\\Url_Monitoring_Server\\utils\\appError.js": {"path":"D:\\Courses\\0-MyProjects\\Bosta Assesment\\Url_Monitoring_Server\\utils\\appError.js","statementMap":{"0":{"start":{"line":3,"column":8},"end":{"line":3,"column":23}},"1":{"start":{"line":5,"column":8},"end":{"line":5,"column":37}},"2":{"start":{"line":6,"column":8},"end":{"line":6,"column":73}},"3":{"start":{"line":7,"column":8},"end":{"line":7,"column":34}},"4":{"start":{"line":9,"column":8},"end":{"line":9,"column":56}},"5":{"start":{"line":13,"column":0},"end":{"line":13,"column":26}}},"fnMap":{"0":{"name":"(anonymous_0)","decl":{"start":{"line":2,"column":4},"end":{"line":2,"column":5}},"loc":{"start":{"line":2,"column":37},"end":{"line":10,"column":5}},"line":2}},"branchMap":{"0":{"loc":{"start":{"line":6,"column":22},"end":{"line":6,"column":72}},"type":"cond-expr","locations":[{"start":{"line":6,"column":56},"end":{"line":6,"column":62}},{"start":{"line":6,"column":65},"end":{"line":6,"column":72}}],"line":6}},"s":{"0":0,"1":0,"2":0,"3":0,"4":0,"5":1},"f":{"0":0},"b":{"0":[0,0]},"_coverageSchema":"1a1c01bbd47fc00a2c39e90264f33305004495a9","hash":"cee24bbe193edcc649d04973e6f450b24f01faaf"}
,"D:\\Courses\\0-MyProjects\\Bosta Assesment\\Url_Monitoring_Server\\utils\\catchAsync.js": {"path":"D:\\Courses\\0-MyProjects\\Bosta Assesment\\Url_Monitoring_Server\\utils\\catchAsync.js","statementMap":{"0":{"start":{"line":1,"column":0},"end":{"line":3,"column":2}},"1":{"start":{"line":1,"column":25},"end":{"line":3,"column":1}},"2":{"start":{"line":2,"column":2},"end":{"line":2,"column":33}}},"fnMap":{"0":{"name":"(anonymous_0)","decl":{"start":{"line":1,"column":17},"end":{"line":1,"column":18}},"loc":{"start":{"line":1,"column":25},"end":{"line":3,"column":1}},"line":1},"1":{"name":"(anonymous_1)","decl":{"start":{"line":1,"column":25},"end":{"line":1,"column":26}},"loc":{"start":{"line":1,"column":45},"end":{"line":3,"column":1}},"line":1}},"branchMap":{},"s":{"0":1,"1":15,"2":0},"f":{"0":15,"1":0},"b":{},"_coverageSchema":"1a1c01bbd47fc00a2c39e90264f33305004495a9","hash":"845d9a6bee6ff29f70dbf3d29d5fe828c7512f92"}
,"D:\\Courses\\0-MyProjects\\Bosta Assesment\\Url_Monitoring_Server\\utils\\createVerificationToken.js": {"path":"D:\\Courses\\0-MyProjects\\Bosta Assesment\\Url_Monitoring_Server\\utils\\createVerificationToken.js","statementMap":{"0":{"start":{"line":1,"column":21},"end":{"line":1,"column":44}},"1":{"start":{"line":3,"column":0},"end":{"line":8,"column":2}},"2":{"start":{"line":4,"column":2},"end":{"line":7,"column":5}}},"fnMap":{"0":{"name":"(anonymous_0)","decl":{"start":{"line":3,"column":17},"end":{"line":3,"column":18}},"loc":{"start":{"line":3,"column":23},"end":{"line":8,"column":1}},"line":3}},"branchMap":{},"s":{"0":1,"1":1,"2":0},"f":{"0":0},"b":{},"_coverageSchema":"1a1c01bbd47fc00a2c39e90264f33305004495a9","hash":"efdf18b37e5361dadcd74d8b3e8fe4c360edb278"}
,"D:\\Courses\\0-MyProjects\\Bosta Assesment\\Url_Monitoring_Server\\utils\\response.js": {"path":"D:\\Courses\\0-MyProjects\\Bosta Assesment\\Url_Monitoring_Server\\utils\\response.js","statementMap":{"0":{"start":{"line":1,"column":0},"end":{"line":6,"column":2}},"1":{"start":{"line":2,"column":2},"end":{"line":5,"column":5}},"2":{"start":{"line":8,"column":0},"end":{"line":12,"column":2}},"3":{"start":{"line":9,"column":2},"end":{"line":11,"column":5}},"4":{"start":{"line":14,"column":0},"end":{"line":18,"column":2}},"5":{"start":{"line":15,"column":2},"end":{"line":17,"column":5}}},"fnMap":{"0":{"name":"(anonymous_0)","decl":{"start":{"line":1,"column":18},"end":{"line":1,"column":19}},"loc":{"start":{"line":1,"column":46},"end":{"line":6,"column":1}},"line":1},"1":{"name":"(anonymous_1)","decl":{"start":{"line":8,"column":19},"end":{"line":8,"column":20}},"loc":{"start":{"line":8,"column":42},"end":{"line":12,"column":1}},"line":8},"2":{"name":"(anonymous_2)","decl":{"start":{"line":14,"column":25},"end":{"line":14,"column":26}},"loc":{"start":{"line":14,"column":48},"end":{"line":18,"column":1}},"line":14}},"branchMap":{"0":{"loc":{"start":{"line":1,"column":32},"end":{"line":1,"column":41}},"type":"default-arg","locations":[{"start":{"line":1,"column":39},"end":{"line":1,"column":41}}],"line":1},"1":{"loc":{"start":{"line":8,"column":25},"end":{"line":8,"column":37}},"type":"default-arg","locations":[{"start":{"line":8,"column":35},"end":{"line":8,"column":37}}],"line":8},"2":{"loc":{"start":{"line":14,"column":31},"end":{"line":14,"column":43}},"type":"default-arg","locations":[{"start":{"line":14,"column":41},"end":{"line":14,"column":43}}],"line":14}},"s":{"0":1,"1":0,"2":1,"3":0,"4":1,"5":0},"f":{"0":0,"1":0,"2":0},"b":{"0":[0],"1":[0],"2":[0]},"_coverageSchema":"1a1c01bbd47fc00a2c39e90264f33305004495a9","hash":"fe804ea46511974af8e8f337ce09bf8a6f1b0241"}
,"D:\\Courses\\0-MyProjects\\Bosta Assesment\\Url_Monitoring_Server\\utils\\validationError.js": {"path":"D:\\Courses\\0-MyProjects\\Bosta Assesment\\Url_Monitoring_Server\\utils\\validationError.js","statementMap":{"0":{"start":{"line":3,"column":4},"end":{"line":3,"column":29}},"1":{"start":{"line":4,"column":4},"end":{"line":4,"column":34}},"2":{"start":{"line":5,"column":4},"end":{"line":5,"column":26}},"3":{"start":{"line":6,"column":4},"end":{"line":6,"column":25}},"4":{"start":{"line":8,"column":4},"end":{"line":8,"column":25}},"5":{"start":{"line":12,"column":0},"end":{"line":12,"column":33}}},"fnMap":{"0":{"name":"(anonymous_0)","decl":{"start":{"line":2,"column":2},"end":{"line":2,"column":3}},"loc":{"start":{"line":2,"column":22},"end":{"line":9,"column":3}},"line":2}},"branchMap":{},"s":{"0":0,"1":0,"2":0,"3":0,"4":0,"5":1},"f":{"0":0},"b":{},"_coverageSchema":"1a1c01bbd47fc00a2c39e90264f33305004495a9","hash":"534159850a904a81af0ca7c181fecefd128de857"}
,"D:\\Courses\\0-MyProjects\\Bosta Assesment\\Url_Monitoring_Server\\validation\\checkValidation.js": {"path":"D:\\Courses\\0-MyProjects\\Bosta Assesment\\Url_Monitoring_Server\\validation\\checkValidation.js","statementMap":{"0":{"start":{"line":1,"column":12},"end":{"line":1,"column":26}},"1":{"start":{"line":2,"column":21},"end":{"line":2,"column":59}},"2":{"start":{"line":4,"column":29},"end":{"line":7,"column":2}},"3":{"start":{"line":9,"column":26},"end":{"line":12,"column":2}},"4":{"start":{"line":14,"column":21},"end":{"line":16,"column":2}},"5":{"start":{"line":18,"column":26},"end":{"line":33,"column":2}},"6":{"start":{"line":35,"column":26},"end":{"line":50,"column":2}},"7":{"start":{"line":52,"column":0},"end":{"line":55,"column":2}}},"fnMap":{},"branchMap":{},"s":{"0":1,"1":1,"2":1,"3":1,"4":1,"5":1,"6":1,"7":1},"f":{},"b":{},"_coverageSchema":"1a1c01bbd47fc00a2c39e90264f33305004495a9","hash":"2f31f155b459b392f6c0b40ccf5dcbad7b35dd76"}
,"D:\\Courses\\0-MyProjects\\Bosta Assesment\\Url_Monitoring_Server\\validation\\reportValidation.js": {"path":"D:\\Courses\\0-MyProjects\\Bosta Assesment\\Url_Monitoring_Server\\validation\\reportValidation.js","statementMap":{"0":{"start":{"line":1,"column":12},"end":{"line":1,"column":26}},"1":{"start":{"line":2,"column":21},"end":{"line":2,"column":59}},"2":{"start":{"line":4,"column":27},"end":{"line":6,"column":2}},"3":{"start":{"line":8,"column":0},"end":{"line":10,"column":2}}},"fnMap":{},"branchMap":{},"s":{"0":1,"1":1,"2":1,"3":1},"f":{},"b":{},"_coverageSchema":"1a1c01bbd47fc00a2c39e90264f33305004495a9","hash":"65fd18b5396bd30610c07f110bc2e7780fb674c0"}
,"D:\\Courses\\0-MyProjects\\Bosta Assesment\\Url_Monitoring_Server\\validation\\userValidation.js": {"path":"D:\\Courses\\0-MyProjects\\Bosta Assesment\\Url_Monitoring_Server\\validation\\userValidation.js","statementMap":{"0":{"start":{"line":1,"column":12},"end":{"line":1,"column":26}},"1":{"start":{"line":2,"column":21},"end":{"line":2,"column":59}},"2":{"start":{"line":4,"column":21},"end":{"line":8,"column":2}},"3":{"start":{"line":10,"column":20},"end":{"line":13,"column":2}},"4":{"start":{"line":15,"column":40},"end":{"line":17,"column":2}},"5":{"start":{"line":19,"column":30},"end":{"line":22,"column":2}},"6":{"start":{"line":24,"column":0},"end":{"line":31,"column":2}}},"fnMap":{},"branchMap":{},"s":{"0":1,"1":1,"2":1,"3":1,"4":1,"5":1,"6":1},"f":{},"b":{},"_coverageSchema":"1a1c01bbd47fc00a2c39e90264f33305004495a9","hash":"5d20d83a4f0bd3908ab235fdd0d5de089f2f12f3"}
}
